<?xml version="1.0" encoding="UTF-8"?>
<!-- Generated by org.testng.reporters.JUnitXMLReporter -->
<testsuite ignored="0" hostname="Utkarshpandey1809" failures="0" tests="3" name="Default test" time="137.629" errors="0" timestamp="2024-01-10T15:10:40 IST">
  <testcase classname="Facebok.Project1" name="TC_01_Verify_if_User_can_Login_With_only_Correct_URL" time="11.139"/>
  <testcase classname="Facebok.Project1" name="TC_01_Verify_if_user_can_create_new_account" time="83.911"/>
  <testcase classname="Facebok.Project1" name="TC_03" time="40.376"/>
</testsuite> <!-- Default test -->
