<?xml version="1.0" encoding="UTF-8"?>
<testng-results ignored="0" total="3" passed="3" failed="0" skipped="0">
  <reporter-output>
  </reporter-output>
  <suite started-at="2024-01-10T15:08:23 IST" name="Default suite" finished-at="2024-01-10T15:10:40 IST" duration-ms="137629">
    <groups>
    </groups>
    <test started-at="2024-01-10T15:08:23 IST" name="Default test" finished-at="2024-01-10T15:10:40 IST" duration-ms="137629">
      <class name="Facebok.Project1">
        <test-method is-config="true" signature="setup()[pri:0, instance:Facebok.Project1@3cce5371]" started-at="2024-01-10T15:08:23 IST" name="setup" finished-at="2024-01-10T15:08:25 IST" duration-ms="1955" status="PASS">
          <reporter-output>
          </reporter-output>
        </test-method> <!-- setup -->
        <test-method signature="TC_01_Verify_if_User_can_Login_With_only_Correct_URL()[pri:0, instance:Facebok.Project1@3cce5371]" started-at="2024-01-10T15:08:25 IST" name="TC_01_Verify_if_User_can_Login_With_only_Correct_URL" finished-at="2024-01-10T15:08:36 IST" duration-ms="11139" status="PASS">
          <reporter-output>
          </reporter-output>
        </test-method> <!-- TC_01_Verify_if_User_can_Login_With_only_Correct_URL -->
        <test-method signature="TC_01_Verify_if_user_can_create_new_account()[pri:1, instance:Facebok.Project1@3cce5371]" started-at="2024-01-10T15:08:36 IST" name="TC_01_Verify_if_user_can_create_new_account" finished-at="2024-01-10T15:10:00 IST" duration-ms="83911" status="PASS">
          <reporter-output>
          </reporter-output>
        </test-method> <!-- TC_01_Verify_if_user_can_create_new_account -->
        <test-method signature="TC_03()[pri:2, instance:Facebok.Project1@3cce5371]" started-at="2024-01-10T15:10:00 IST" name="TC_03" finished-at="2024-01-10T15:10:40 IST" duration-ms="40376" status="PASS">
          <reporter-output>
          </reporter-output>
        </test-method> <!-- TC_03 -->
        <test-method is-config="true" signature="tearDown()[pri:0, instance:Facebok.Project1@3cce5371]" started-at="2024-01-10T15:10:40 IST" name="tearDown" finished-at="2024-01-10T15:10:40 IST" duration-ms="202" status="PASS">
          <reporter-output>
          </reporter-output>
        </test-method> <!-- tearDown -->
      </class> <!-- Facebok.Project1 -->
    </test> <!-- Default test -->
  </suite> <!-- Default suite -->
</testng-results>
